2026-04-16 16:42:39: INFO:     Will watch for changes in these directories: ['F:\\BMI\\smart-car-ai-platform\\backend']
2026-04-16 16:42:39: INFO:     Uvicorn running on http://0.0.0.0:8000 (Press CTRL+C to quit)
2026-04-16 16:42:39: INFO:     Started reloader process [3792] using StatReload
2026-04-16 16:42:48: INFO:     Started server process [12376]
2026-04-16 16:42:48: INFO:     Waiting for application startup.
2026-04-16 16:42:48: INFO:     Application startup complete.
2026-04-16 16:42:50: INFO:     Will watch for changes in these directories: ['F:\\BMI\\smart-car-ai-platform\\backend']
2026-04-16 16:42:50: INFO:     Uvicorn running on http://0.0.0.0:8000 (Press CTRL+C to quit)
2026-04-16 16:42:50: INFO:     Started reloader process [14512] using StatReload
2026-04-16 16:42:51: INFO:     Started server process [14976]
2026-04-16 16:42:51: INFO:     Waiting for application startup.
2026-04-16 16:42:51: INFO:     Application startup complete.
2026-04-16 16:48:53: INFO:     Will watch for changes in these directories: ['F:\\BMI\\smart-car-ai-platform\\backend']
2026-04-16 16:48:53: INFO:     Uvicorn running on http://0.0.0.0:8000 (Press CTRL+C to quit)
2026-04-16 16:48:53: INFO:     Started reloader process [16060] using StatReload
2026-04-16 16:48:54: INFO:     Started server process [14340]
2026-04-16 16:48:54: INFO:     Waiting for application startup.
2026-04-16 16:48:55: INFO:     Application startup complete.
2026-04-16 16:52:26: INFO:     Will watch for changes in these directories: ['F:\\BMI\\smart-car-ai-platform\\backend']
2026-04-16 16:52:26: INFO:     Uvicorn running on http://0.0.0.0:8000 (Press CTRL+C to quit)
2026-04-16 16:52:26: INFO:     Started reloader process [4664] using StatReload
2026-04-16 16:52:36: INFO:     Started server process [8748]
2026-04-16 16:52:36: INFO:     Waiting for application startup.
2026-04-16 16:52:36: INFO:     Application startup complete.
2026-04-16 18:06:08: INFO:     Will watch for changes in these directories: ['C:\\Users\\Shahzod\\Desktop\\BMI\\DI\\backend']
2026-04-16 18:06:08: INFO:     Uvicorn running on http://0.0.0.0:8000 (Press CTRL+C to quit)
2026-04-16 18:06:08: INFO:     Started reloader process [12816] using StatReload
2026-04-16 18:06:14: INFO:     Started server process [1404]
2026-04-16 18:06:14: INFO:     Waiting for application startup.
2026-04-16 18:06:14: INFO:     Application startup complete.
2026-04-16 18:08:06: Traceback (most recent call last):
2026-04-16 18:08:06:   File "<frozen runpy>", line 198, in _run_module_as_main
2026-04-16 18:08:06:   File "<frozen runpy>", line 88, in _run_code
2026-04-16 18:08:06:   File "C:\Users\Shahzod\Desktop\BMI\DI\backend\venv\Lib\site-packages\uvicorn\__main__.py", line 4, in <module>
2026-04-16 18:08:06:     uvicorn.main()
2026-04-16 18:08:06:     ~~~~~~~~~~~~^^
2026-04-16 18:08:06:   File "C:\Users\Shahzod\Desktop\BMI\DI\backend\venv\Lib\site-packages\click\core.py", line 1485, in __call__
2026-04-16 18:08:06:     return self.main(*args, **kwargs)
2026-04-16 18:08:06:            ~~~~~~~~~^^^^^^^^^^^^^^^^^
2026-04-16 18:08:06:   File "C:\Users\Shahzod\Desktop\BMI\DI\backend\venv\Lib\site-packages\click\core.py", line 1406, in main
2026-04-16 18:08:06:     rv = self.invoke(ctx)
2026-04-16 18:08:06:   File "C:\Users\Shahzod\Desktop\BMI\DI\backend\venv\Lib\site-packages\click\core.py", line 1269, in invoke
2026-04-16 18:08:06:     return ctx.invoke(self.callback, **ctx.params)
2026-04-16 18:08:06:            ~~~~~~~~~~^^^^^^^^^^^^^^^^^^^^^^^^^^^^^
2026-04-16 18:08:06:   File "C:\Users\Shahzod\Desktop\BMI\DI\backend\venv\Lib\site-packages\click\core.py", line 824, in invoke
2026-04-16 18:08:06:     return callback(*args, **kwargs)
2026-04-16 18:08:06:   File "C:\Users\Shahzod\Desktop\BMI\DI\backend\venv\Lib\site-packages\uvicorn\main.py", line 433, in main
2026-04-16 18:08:06:     run(
2026-04-16 18:08:06:     ~~~^
2026-04-16 18:08:06:         app,
2026-04-16 18:08:06:         ^^^^
2026-04-16 18:08:06:     ...<47 lines>...
2026-04-16 18:08:06:         h11_max_incomplete_event_size=h11_max_incomplete_event_size,
2026-04-16 18:08:06:         ^^^^^^^^^^^^^^^^^^^^^^^^^^^^^^^^^^^^^^^^^^^^^^^^^^^^^^^^^^^^
2026-04-16 18:08:06:     )
2026-04-16 18:08:06:     ^
2026-04-16 18:08:06:   File "C:\Users\Shahzod\Desktop\BMI\DI\backend\venv\Lib\site-packages\uvicorn\main.py", line 601, in run
2026-04-16 18:08:06:     ChangeReload(config, target=server.run, sockets=[sock]).run()
2026-04-16 18:08:06:     ~~~~~~~~~~~~~~~~~~~~~~~~~~~~~~~~~~~~~~~~~~~~~~~~~~~~~~~~~~~^^
2026-04-16 18:08:06:   File "C:\Users\Shahzod\Desktop\BMI\DI\backend\venv\Lib\site-packages\uvicorn\supervisors\basereload.py", line 52, in run
2026-04-16 18:08:06:     for changes in self:
2026-04-16 18:08:06:                    ^^^^
2026-04-16 18:08:06:   File "C:\Users\Shahzod\Desktop\BMI\DI\backend\venv\Lib\site-packages\uvicorn\supervisors\basereload.py", line 71, in __next__
2026-04-16 18:08:06:     return self.should_restart()
2026-04-16 18:08:06:            ~~~~~~~~~~~~~~~~~~~^^
2026-04-16 18:08:06:   File "C:\Users\Shahzod\Desktop\BMI\DI\backend\venv\Lib\site-packages\uvicorn\supervisors\statreload.py", line 31, in should_restart
2026-04-16 18:08:06:     for file in self.iter_py_files():
2026-04-16 18:08:06:                 ~~~~~~~~~~~~~~~~~~^^
2026-04-16 18:08:06:   File "C:\Users\Shahzod\Desktop\BMI\DI\backend\venv\Lib\site-packages\uvicorn\supervisors\statreload.py", line 51, in iter_py_files
2026-04-16 18:08:06:     for path in list(reload_dir.rglob("*.py")):
2026-04-16 18:08:06:                 ~~~~^^^^^^^^^^^^^^^^^^^^^^^^^^
2026-04-16 18:08:06: MemoryError
2026-04-19 12:15:52: INFO:     Will watch for changes in these directories: ['C:\\Users\\Shahzod\\Desktop\\BMI\\DI\\backend']
2026-04-19 12:15:52: INFO:     Uvicorn running on http://0.0.0.0:8000 (Press CTRL+C to quit)
2026-04-19 12:15:52: INFO:     Started reloader process [11832] using StatReload
2026-04-19 12:15:58: INFO:     Started server process [12076]
2026-04-19 12:15:58: INFO:     Waiting for application startup.
2026-04-19 12:15:58: INFO:     Application startup complete.
2026-04-19 12:17:10: INFO:     Will watch for changes in these directories: ['C:\\Users\\Shahzod\\Desktop\\BMI\\DI\\backend']
2026-04-19 12:17:10: INFO:     Uvicorn running on http://0.0.0.0:8000 (Press CTRL+C to quit)
2026-04-19 12:17:10: INFO:     Started reloader process [14812] using StatReload
2026-04-19 12:17:11: INFO:     Started server process [24992]
2026-04-19 12:17:11: INFO:     Waiting for application startup.
2026-04-19 12:17:11: INFO:     Application startup complete.
2026-04-19 12:17:25: INFO:     Will watch for changes in these directories: ['C:\\Users\\Shahzod\\Desktop\\BMI\\DI\\backend']
2026-04-19 12:17:25: INFO:     Uvicorn running on http://0.0.0.0:8000 (Press CTRL+C to quit)
2026-04-19 12:17:25: INFO:     Started reloader process [17244] using StatReload
2026-04-19 12:17:26: INFO:     Started server process [14724]
2026-04-19 12:17:26: INFO:     Waiting for application startup.
2026-04-19 12:17:26: INFO:     Application startup complete.
2026-04-19 12:17:31: INFO:     Will watch for changes in these directories: ['C:\\Users\\Shahzod\\Desktop\\BMI\\DI\\backend']
2026-04-19 12:17:31: INFO:     Uvicorn running on http://0.0.0.0:8000 (Press CTRL+C to quit)
2026-04-19 12:17:31: INFO:     Started reloader process [25864] using StatReload
2026-04-19 12:17:32: INFO:     Started server process [11208]
2026-04-19 12:17:32: INFO:     Waiting for application startup.
2026-04-19 12:17:32: INFO:     Application startup complete.
2026-04-19 12:17:41: INFO:     Will watch for changes in these directories: ['C:\\Users\\Shahzod\\Desktop\\BMI\\DI\\backend']
2026-04-19 12:17:41: INFO:     Uvicorn running on http://0.0.0.0:8000 (Press CTRL+C to quit)
2026-04-19 12:17:41: INFO:     Started reloader process [25040] using StatReload
2026-04-19 12:17:42: INFO:     Started server process [23160]
2026-04-19 12:17:42: INFO:     Waiting for application startup.
2026-04-19 12:17:42: INFO:     Application startup complete.
